This file contains any messages produced by compilers while
running configure, to aid debugging if configure makes a mistake.

It was created by coova-chilli configure 1.2.6, which was
generated by GNU Autoconf 2.67.  Invocation command line was

  $ ./configure --host=x86_64-linux-gnu --build=x86_64-linux-gnu --prefix=/usr --mandir=${prefix}/share/man --infodir=${prefix}/share/info --sysconfdir=/etc --localstatedir=/var --enable-largelimits --enable-proxyvsa --enable-miniportal --enable-chilliredir --enable-chilliproxy --enable-binstatusfile --enable-chilliscript --enable-chilliradsec --enable-dnslog --enable-layer3 --enable-eapol --enable-uamdomainfile --enable-redirdnsreq --enable-modules --enable-multiroute --with-openssl --with-poll

## --------- ##
## Platform. ##
## --------- ##

hostname = vps334675.ovh.net
uname -m = x86_64
uname -r = 3.16.0-4-amd64
uname -s = Linux
uname -v = #1 SMP Debian 3.16.36-1+deb8u2 (2016-10-19)

/usr/bin/uname -p = unknown
/bin/uname -X     = unknown

/bin/arch              = unknown
/usr/bin/arch -k       = unknown
/usr/convex/getsysinfo = unknown
/usr/bin/hostinfo      = unknown
/bin/machine           = unknown
/usr/bin/oslevel       = unknown
/bin/universe          = unknown

PATH: /usr/sbin
PATH: /usr/bin
PATH: /sbin
PATH: /bin
PATH: /usr/bin/X11


## ----------- ##
## Core tests. ##
## ----------- ##

configure:2571: checking for a BSD-compatible install
configure:2639: result: /usr/bin/install -c
configure:2650: checking whether build environment is sane
configure:2700: result: yes
configure:2841: checking for a thread-safe mkdir -p
configure:2880: result: /bin/mkdir -p
configure:2893: checking for gawk
configure:2923: result: no
configure:2893: checking for mawk
configure:2909: found /usr/bin/mawk
configure:2920: result: mawk
configure:2931: checking whether make sets $(MAKE)
configure:2953: result: yes
configure:3048: checking for x86_64-linux-gnu-gcc
configure:3064: found /usr/bin/x86_64-linux-gnu-gcc
configure:3075: result: x86_64-linux-gnu-gcc
configure:3344: checking for C compiler version
configure:3353: x86_64-linux-gnu-gcc --version >&5
x86_64-linux-gnu-gcc (Debian 4.9.2-10) 4.9.2
Copyright (C) 2014 Free Software Foundation, Inc.
This is free software; see the source for copying conditions.  There is NO
warranty; not even for MERCHANTABILITY or FITNESS FOR A PARTICULAR PURPOSE.

configure:3364: $? = 0
configure:3353: x86_64-linux-gnu-gcc -v >&5
Using built-in specs.
COLLECT_GCC=x86_64-linux-gnu-gcc
COLLECT_LTO_WRAPPER=/usr/lib/gcc/x86_64-linux-gnu/4.9/lto-wrapper
Target: x86_64-linux-gnu
Configured with: ../src/configure -v --with-pkgversion='Debian 4.9.2-10' --with-bugurl=file:///usr/share/doc/gcc-4.9/README.Bugs --enable-languages=c,c++,java,go,d,fortran,objc,obj-c++ --prefix=/usr --program-suffix=-4.9 --enable-shared --enable-linker-build-id --libexecdir=/usr/lib --without-included-gettext --enable-threads=posix --with-gxx-include-dir=/usr/include/c++/4.9 --libdir=/usr/lib --enable-nls --with-sysroot=/ --enable-clocale=gnu --enable-libstdcxx-debug --enable-libstdcxx-time=yes --enable-gnu-unique-object --disable-vtable-verify --enable-plugin --with-system-zlib --disable-browser-plugin --enable-java-awt=gtk --enable-gtk-cairo --with-java-home=/usr/lib/jvm/java-1.5.0-gcj-4.9-amd64/jre --enable-java-home --with-jvm-root-dir=/usr/lib/jvm/java-1.5.0-gcj-4.9-amd64 --with-jvm-jar-dir=/usr/lib/jvm-exports/java-1.5.0-gcj-4.9-amd64 --with-arch-directory=amd64 --with-ecj-jar=/usr/share/java/eclipse-ecj.jar --enable-objc-gc --enable-multiarch --with-arch-32=i586 --with-abi=m64 --with-multilib-list=m32,m64,mx32 --enable-multilib --with-tune=generic --enable-checking=release --build=x86_64-linux-gnu --host=x86_64-linux-gnu --target=x86_64-linux-gnu
Thread model: posix
gcc version 4.9.2 (Debian 4.9.2-10) 
configure:3364: $? = 0
configure:3353: x86_64-linux-gnu-gcc -V >&5
x86_64-linux-gnu-gcc: error: unrecognized command line option '-V'
x86_64-linux-gnu-gcc: fatal error: no input files
compilation terminated.
configure:3364: $? = 4
configure:3353: x86_64-linux-gnu-gcc -qversion >&5
x86_64-linux-gnu-gcc: error: unrecognized command line option '-qversion'
x86_64-linux-gnu-gcc: fatal error: no input files
compilation terminated.
configure:3364: $? = 4
configure:3384: checking whether the C compiler works
configure:3406: x86_64-linux-gnu-gcc    conftest.c  >&5
configure:3410: $? = 0
configure:3458: result: yes
configure:3461: checking for C compiler default output file name
configure:3463: result: a.out
configure:3469: checking for suffix of executables
configure:3476: x86_64-linux-gnu-gcc -o conftest    conftest.c  >&5
configure:3480: $? = 0
configure:3502: result: 
configure:3524: checking whether we are cross compiling
configure:3532: x86_64-linux-gnu-gcc -o conftest    conftest.c  >&5
configure:3536: $? = 0
configure:3543: ./conftest
configure:3547: $? = 0
configure:3562: result: no
configure:3567: checking for suffix of object files
configure:3589: x86_64-linux-gnu-gcc -c   conftest.c >&5
configure:3593: $? = 0
configure:3614: result: o
configure:3618: checking whether we are using the GNU C compiler
configure:3637: x86_64-linux-gnu-gcc -c   conftest.c >&5
configure:3637: $? = 0
configure:3646: result: yes
configure:3655: checking whether x86_64-linux-gnu-gcc accepts -g
configure:3675: x86_64-linux-gnu-gcc -c -g  conftest.c >&5
configure:3675: $? = 0
configure:3716: result: yes
configure:3733: checking for x86_64-linux-gnu-gcc option to accept ISO C89
configure:3797: x86_64-linux-gnu-gcc  -c -g -O2  conftest.c >&5
configure:3797: $? = 0
configure:3810: result: none needed
configure:3841: checking for style of include used by make
configure:3869: result: GNU
configure:3894: checking dependency style of x86_64-linux-gnu-gcc
configure:4004: result: gcc3
configure:4050: checking build system type
configure:4064: result: x86_64-pc-linux-gnu
configure:4084: checking host system type
configure:4097: result: x86_64-pc-linux-gnu
configure:4117: checking for a sed that does not truncate output
configure:4181: result: /bin/sed
configure:4199: checking for grep that handles long lines and -e
configure:4257: result: /bin/grep
configure:4262: checking for egrep
configure:4324: result: /bin/grep -E
configure:4329: checking for fgrep
configure:4391: result: /bin/grep -F
configure:4426: checking for ld used by x86_64-linux-gnu-gcc
configure:4493: result: /usr/bin/ld
configure:4500: checking if the linker (/usr/bin/ld) is GNU ld
configure:4515: result: yes
configure:4527: checking for BSD- or MS-compatible name lister (nm)
configure:4576: result: /usr/bin/nm -B
configure:4694: checking the name lister (/usr/bin/nm -B) interface
configure:4701: x86_64-linux-gnu-gcc -c -g -O2  conftest.c >&5
configure:4704: /usr/bin/nm -B "conftest.o"
configure:4707: output
0000000000000000 B some_variable
configure:4714: result: BSD nm
configure:4717: checking whether ln -s works
configure:4721: result: yes
configure:4729: checking the maximum length of command line arguments
configure:4849: result: 1572864
configure:4866: checking whether the shell understands some XSI constructs
configure:4876: result: yes
configure:4880: checking whether the shell understands "+="
configure:4886: result: yes
configure:4921: checking for /usr/bin/ld option to reload object files
configure:4928: result: -r
configure:4957: checking for x86_64-linux-gnu-objdump
configure:4973: found /usr/bin/x86_64-linux-gnu-objdump
configure:4984: result: x86_64-linux-gnu-objdump
configure:5056: checking how to recognize dependent libraries
configure:5252: result: pass_all
configure:5272: checking for x86_64-linux-gnu-ar
configure:5288: found /usr/bin/x86_64-linux-gnu-ar
configure:5299: result: x86_64-linux-gnu-ar
configure:5377: checking for x86_64-linux-gnu-strip
configure:5393: found /usr/bin/x86_64-linux-gnu-strip
configure:5404: result: x86_64-linux-gnu-strip
configure:5476: checking for x86_64-linux-gnu-ranlib
configure:5492: found /usr/bin/x86_64-linux-gnu-ranlib
configure:5503: result: x86_64-linux-gnu-ranlib
configure:5633: checking command to parse /usr/bin/nm -B output from x86_64-linux-gnu-gcc object
configure:5751: x86_64-linux-gnu-gcc -c -g -O2  conftest.c >&5
configure:5754: $? = 0
configure:5758: /usr/bin/nm -B conftest.o \| sed -n -e 's/^.*[	 ]\([ABCDGIRSTW][ABCDGIRSTW]*\)[	 ][	 ]*\([_A-Za-z][_A-Za-z0-9]*\)$/\1 \2 \2/p' \> conftest.nm
configure:5761: $? = 0
configure:5815: x86_64-linux-gnu-gcc -o conftest -g -O2   conftest.c conftstm.o >&5
configure:5818: $? = 0
configure:5856: result: ok
configure:5952: x86_64-linux-gnu-gcc -c -g -O2  conftest.c >&5
configure:5955: $? = 0
configure:6665: checking how to run the C preprocessor
configure:6696: x86_64-linux-gnu-gcc -E  conftest.c
configure:6696: $? = 0
configure:6710: x86_64-linux-gnu-gcc -E  conftest.c
conftest.c:11:28: fatal error: ac_nonexistent.h: No such file or directory
 #include <ac_nonexistent.h>
                            ^
compilation terminated.
configure:6710: $? = 1
configure: failed program was:
| /* confdefs.h */
| #define PACKAGE_NAME "coova-chilli"
| #define PACKAGE_TARNAME "coova-chilli"
| #define PACKAGE_VERSION "1.2.6"
| #define PACKAGE_STRING "coova-chilli 1.2.6"
| #define PACKAGE_BUGREPORT "support@coova.com"
| #define PACKAGE_URL ""
| #define PACKAGE "coova-chilli"
| #define VERSION "1.2.6"
| /* end confdefs.h.  */
| #include <ac_nonexistent.h>
configure:6735: result: x86_64-linux-gnu-gcc -E
configure:6755: x86_64-linux-gnu-gcc -E  conftest.c
configure:6755: $? = 0
configure:6769: x86_64-linux-gnu-gcc -E  conftest.c
conftest.c:11:28: fatal error: ac_nonexistent.h: No such file or directory
 #include <ac_nonexistent.h>
                            ^
compilation terminated.
configure:6769: $? = 1
configure: failed program was:
| /* confdefs.h */
| #define PACKAGE_NAME "coova-chilli"
| #define PACKAGE_TARNAME "coova-chilli"
| #define PACKAGE_VERSION "1.2.6"
| #define PACKAGE_STRING "coova-chilli 1.2.6"
| #define PACKAGE_BUGREPORT "support@coova.com"
| #define PACKAGE_URL ""
| #define PACKAGE "coova-chilli"
| #define VERSION "1.2.6"
| /* end confdefs.h.  */
| #include <ac_nonexistent.h>
configure:6798: checking for ANSI C header files
configure:6818: x86_64-linux-gnu-gcc -c -g -O2  conftest.c >&5
configure:6818: $? = 0
configure:6891: x86_64-linux-gnu-gcc -o conftest -g -O2   conftest.c  >&5
configure:6891: $? = 0
configure:6891: ./conftest
configure:6891: $? = 0
configure:6902: result: yes
configure:6915: checking for sys/types.h
configure:6915: x86_64-linux-gnu-gcc -c -g -O2  conftest.c >&5
configure:6915: $? = 0
configure:6915: result: yes
configure:6915: checking for sys/stat.h
configure:6915: x86_64-linux-gnu-gcc -c -g -O2  conftest.c >&5
configure:6915: $? = 0
configure:6915: result: yes
configure:6915: checking for stdlib.h
configure:6915: x86_64-linux-gnu-gcc -c -g -O2  conftest.c >&5
configure:6915: $? = 0
configure:6915: result: yes
configure:6915: checking for string.h
configure:6915: x86_64-linux-gnu-gcc -c -g -O2  conftest.c >&5
configure:6915: $? = 0
configure:6915: result: yes
configure:6915: checking for memory.h
configure:6915: x86_64-linux-gnu-gcc -c -g -O2  conftest.c >&5
configure:6915: $? = 0
configure:6915: result: yes
configure:6915: checking for strings.h
configure:6915: x86_64-linux-gnu-gcc -c -g -O2  conftest.c >&5
configure:6915: $? = 0
configure:6915: result: yes
configure:6915: checking for inttypes.h
configure:6915: x86_64-linux-gnu-gcc -c -g -O2  conftest.c >&5
configure:6915: $? = 0
configure:6915: result: yes
configure:6915: checking for stdint.h
configure:6915: x86_64-linux-gnu-gcc -c -g -O2  conftest.c >&5
configure:6915: $? = 0
configure:6915: result: yes
configure:6915: checking for unistd.h
configure:6915: x86_64-linux-gnu-gcc -c -g -O2  conftest.c >&5
configure:6915: $? = 0
configure:6915: result: yes
configure:6929: checking for dlfcn.h
configure:6929: x86_64-linux-gnu-gcc -c -g -O2  conftest.c >&5
configure:6929: $? = 0
configure:6929: result: yes
configure:7113: checking for objdir
configure:7128: result: .libs
configure:7424: checking if x86_64-linux-gnu-gcc supports -fno-rtti -fno-exceptions
configure:7442: x86_64-linux-gnu-gcc -c -g -O2  -fno-rtti -fno-exceptions conftest.c >&5
cc1: warning: command line option '-fno-rtti' is valid for C++/ObjC++ but not for C
configure:7446: $? = 0
configure:7459: result: no
configure:7479: checking for x86_64-linux-gnu-gcc option to produce PIC
configure:7751: result: -fPIC -DPIC
configure:7763: checking if x86_64-linux-gnu-gcc PIC flag -fPIC -DPIC works
configure:7781: x86_64-linux-gnu-gcc -c -g -O2  -fPIC -DPIC -DPIC conftest.c >&5
configure:7785: $? = 0
configure:7798: result: yes
configure:7822: checking if x86_64-linux-gnu-gcc static flag -static works
configure:7850: result: yes
configure:7865: checking if x86_64-linux-gnu-gcc supports -c -o file.o
configure:7886: x86_64-linux-gnu-gcc -c -g -O2  -o out/conftest2.o conftest.c >&5
configure:7890: $? = 0
configure:7912: result: yes
configure:7920: checking if x86_64-linux-gnu-gcc supports -c -o file.o
configure:7967: result: yes
configure:8000: checking whether the x86_64-linux-gnu-gcc linker (/usr/bin/ld -m elf_x86_64) supports shared libraries
configure:8991: result: yes
configure:9028: checking whether -lc should be explicitly linked in
configure:9033: x86_64-linux-gnu-gcc -c -g -O2  conftest.c >&5
configure:9036: $? = 0
configure:9051: x86_64-linux-gnu-gcc -shared conftest.o  -v -Wl,-soname -Wl,conftest -o conftest 2\>\&1 \| /bin/grep  -lc  \>/dev/null 2\>\&1
configure:9054: $? = 0
configure:9066: result: no
configure:9230: checking dynamic linker characteristics
configure:9663: x86_64-linux-gnu-gcc -o conftest -g -O2   -Wl,-rpath -Wl,/foo conftest.c  >&5
configure:9663: $? = 0
configure:9893: result: GNU/Linux ld.so
configure:9995: checking how to hardcode library paths into programs
configure:10020: result: immediate
configure:10540: checking whether stripping libraries is possible
configure:10545: result: yes
configure:10580: checking if libtool supports shared libraries
configure:10582: result: yes
configure:10585: checking whether to build shared libraries
configure:10606: result: yes
configure:10609: checking whether to build static libraries
configure:10613: result: yes
configure:10654: checking for ANSI C header files
configure:10758: result: yes
configure:10782: checking arpa/inet.h usability
configure:10782: x86_64-linux-gnu-gcc -c -g -O2  conftest.c >&5
configure:10782: $? = 0
configure:10782: result: yes
configure:10782: checking arpa/inet.h presence
configure:10782: x86_64-linux-gnu-gcc -E  conftest.c
configure:10782: $? = 0
configure:10782: result: yes
configure:10782: checking for arpa/inet.h
configure:10782: result: yes
configure:10782: checking errno.h usability
configure:10782: x86_64-linux-gnu-gcc -c -g -O2  conftest.c >&5
configure:10782: $? = 0
configure:10782: result: yes
configure:10782: checking errno.h presence
configure:10782: x86_64-linux-gnu-gcc -E  conftest.c
configure:10782: $? = 0
configure:10782: result: yes
configure:10782: checking for errno.h
configure:10782: result: yes
configure:10782: checking fcntl.h usability
configure:10782: x86_64-linux-gnu-gcc -c -g -O2  conftest.c >&5
configure:10782: $? = 0
configure:10782: result: yes
configure:10782: checking fcntl.h presence
configure:10782: x86_64-linux-gnu-gcc -E  conftest.c
configure:10782: $? = 0
configure:10782: result: yes
configure:10782: checking for fcntl.h
configure:10782: result: yes
configure:10782: checking netdb.h usability
configure:10782: x86_64-linux-gnu-gcc -c -g -O2  conftest.c >&5
configure:10782: $? = 0
configure:10782: result: yes
configure:10782: checking netdb.h presence
configure:10782: x86_64-linux-gnu-gcc -E  conftest.c
configure:10782: $? = 0
configure:10782: result: yes
configure:10782: checking for netdb.h
configure:10782: result: yes
configure:10782: checking netinet/in.h usability
configure:10782: x86_64-linux-gnu-gcc -c -g -O2  conftest.c >&5
configure:10782: $? = 0
configure:10782: result: yes
configure:10782: checking netinet/in.h presence
configure:10782: x86_64-linux-gnu-gcc -E  conftest.c
configure:10782: $? = 0
configure:10782: result: yes
configure:10782: checking for netinet/in.h
configure:10782: result: yes
configure:10782: checking netinet/tcp.h usability
configure:10782: x86_64-linux-gnu-gcc -c -g -O2  conftest.c >&5
configure:10782: $? = 0
configure:10782: result: yes
configure:10782: checking netinet/tcp.h presence
configure:10782: x86_64-linux-gnu-gcc -E  conftest.c
configure:10782: $? = 0
configure:10782: result: yes
configure:10782: checking for netinet/tcp.h
configure:10782: result: yes
configure:10782: checking for stdint.h
configure:10782: result: yes
configure:10782: checking stddef.h usability
configure:10782: x86_64-linux-gnu-gcc -c -g -O2  conftest.c >&5
configure:10782: $? = 0
configure:10782: result: yes
configure:10782: checking stddef.h presence
configure:10782: x86_64-linux-gnu-gcc -E  conftest.c
configure:10782: $? = 0
configure:10782: result: yes
configure:10782: checking for stddef.h
configure:10782: result: yes
configure:10782: checking for stdlib.h
configure:10782: result: yes
configure:10782: checking for string.h
configure:10782: result: yes
configure:10782: checking sys/ioctl.h usability
configure:10782: x86_64-linux-gnu-gcc -c -g -O2  conftest.c >&5
configure:10782: $? = 0
configure:10782: result: yes
configure:10782: checking sys/ioctl.h presence
configure:10782: x86_64-linux-gnu-gcc -E  conftest.c
configure:10782: $? = 0
configure:10782: result: yes
configure:10782: checking for sys/ioctl.h
configure:10782: result: yes
configure:10782: checking sys/socket.h usability
configure:10782: x86_64-linux-gnu-gcc -c -g -O2  conftest.c >&5
configure:10782: $? = 0
configure:10782: result: yes
configure:10782: checking sys/socket.h presence
configure:10782: x86_64-linux-gnu-gcc -E  conftest.c
configure:10782: $? = 0
configure:10782: result: yes
configure:10782: checking for sys/socket.h
configure:10782: result: yes
configure:10782: checking sys/sysinfo.h usability
configure:10782: x86_64-linux-gnu-gcc -c -g -O2  conftest.c >&5
configure:10782: $? = 0
configure:10782: result: yes
configure:10782: checking sys/sysinfo.h presence
configure:10782: x86_64-linux-gnu-gcc -E  conftest.c
configure:10782: $? = 0
configure:10782: result: yes
configure:10782: checking for sys/sysinfo.h
configure:10782: result: yes
configure:10782: checking sys/param.h usability
configure:10782: x86_64-linux-gnu-gcc -c -g -O2  conftest.c >&5
configure:10782: $? = 0
configure:10782: result: yes
configure:10782: checking sys/param.h presence
configure:10782: x86_64-linux-gnu-gcc -E  conftest.c
configure:10782: $? = 0
configure:10782: result: yes
configure:10782: checking for sys/param.h
configure:10782: result: yes
configure:10782: checking sys/time.h usability
configure:10782: x86_64-linux-gnu-gcc -c -g -O2  conftest.c >&5
configure:10782: $? = 0
configure:10782: result: yes
configure:10782: checking sys/time.h presence
configure:10782: x86_64-linux-gnu-gcc -E  conftest.c
configure:10782: $? = 0
configure:10782: result: yes
configure:10782: checking for sys/time.h
configure:10782: result: yes
configure:10782: checking time.h usability
configure:10782: x86_64-linux-gnu-gcc -c -g -O2  conftest.c >&5
configure:10782: $? = 0
configure:10782: result: yes
configure:10782: checking time.h presence
configure:10782: x86_64-linux-gnu-gcc -E  conftest.c
configure:10782: $? = 0
configure:10782: result: yes
configure:10782: checking for time.h
configure:10782: result: yes
configure:10782: checking sys/ipc.h usability
configure:10782: x86_64-linux-gnu-gcc -c -g -O2  conftest.c >&5
configure:10782: $? = 0
configure:10782: result: yes
configure:10782: checking sys/ipc.h presence
configure:10782: x86_64-linux-gnu-gcc -E  conftest.c
configure:10782: $? = 0
configure:10782: result: yes
configure:10782: checking for sys/ipc.h
configure:10782: result: yes
configure:10782: checking sys/msg.h usability
configure:10782: x86_64-linux-gnu-gcc -c -g -O2  conftest.c >&5
configure:10782: $? = 0
configure:10782: result: yes
configure:10782: checking sys/msg.h presence
configure:10782: x86_64-linux-gnu-gcc -E  conftest.c
configure:10782: $? = 0
configure:10782: result: yes
configure:10782: checking for sys/msg.h
configure:10782: result: yes
configure:10782: checking sys/wait.h usability
configure:10782: x86_64-linux-gnu-gcc -c -g -O2  conftest.c >&5
configure:10782: $? = 0
configure:10782: result: yes
configure:10782: checking sys/wait.h presence
configure:10782: x86_64-linux-gnu-gcc -E  conftest.c
configure:10782: $? = 0
configure:10782: result: yes
configure:10782: checking for sys/wait.h
configure:10782: result: yes
configure:10782: checking sys/un.h usability
configure:10782: x86_64-linux-gnu-gcc -c -g -O2  conftest.c >&5
configure:10782: $? = 0
configure:10782: result: yes
configure:10782: checking sys/un.h presence
configure:10782: x86_64-linux-gnu-gcc -E  conftest.c
configure:10782: $? = 0
configure:10782: result: yes
configure:10782: checking for sys/un.h
configure:10782: result: yes
configure:10782: checking for sys/stat.h
configure:10782: result: yes
configure:10782: checking for sys/types.h
configure:10782: result: yes
configure:10782: checking regex.h usability
configure:10782: x86_64-linux-gnu-gcc -c -g -O2  conftest.c >&5
configure:10782: $? = 0
configure:10782: result: yes
configure:10782: checking regex.h presence
configure:10782: x86_64-linux-gnu-gcc -E  conftest.c
configure:10782: $? = 0
configure:10782: result: yes
configure:10782: checking for regex.h
configure:10782: result: yes
configure:10782: checking syslog.h usability
configure:10782: x86_64-linux-gnu-gcc -c -g -O2  conftest.c >&5
configure:10782: $? = 0
configure:10782: result: yes
configure:10782: checking syslog.h presence
configure:10782: x86_64-linux-gnu-gcc -E  conftest.c
configure:10782: $? = 0
configure:10782: result: yes
configure:10782: checking for syslog.h
configure:10782: result: yes
configure:10782: checking resolv.h usability
configure:10782: x86_64-linux-gnu-gcc -c -g -O2  conftest.c >&5
configure:10782: $? = 0
configure:10782: result: yes
configure:10782: checking resolv.h presence
configure:10782: x86_64-linux-gnu-gcc -E  conftest.c
configure:10782: $? = 0
configure:10782: result: yes
configure:10782: checking for resolv.h
configure:10782: result: yes
configure:10782: checking poll.h usability
configure:10782: x86_64-linux-gnu-gcc -c -g -O2  conftest.c >&5
configure:10782: $? = 0
configure:10782: result: yes
configure:10782: checking poll.h presence
configure:10782: x86_64-linux-gnu-gcc -E  conftest.c
configure:10782: $? = 0
configure:10782: result: yes
configure:10782: checking for poll.h
configure:10782: result: yes
configure:10782: checking sys/epoll.h usability
configure:10782: x86_64-linux-gnu-gcc -c -g -O2  conftest.c >&5
configure:10782: $? = 0
configure:10782: result: yes
configure:10782: checking sys/epoll.h presence
configure:10782: x86_64-linux-gnu-gcc -E  conftest.c
configure:10782: $? = 0
configure:10782: result: yes
configure:10782: checking for sys/epoll.h
configure:10782: result: yes
configure:10782: checking for unistd.h
configure:10782: result: yes
configure:10782: checking endian.h usability
configure:10782: x86_64-linux-gnu-gcc -c -g -O2  conftest.c >&5
configure:10782: $? = 0
configure:10782: result: yes
configure:10782: checking endian.h presence
configure:10782: x86_64-linux-gnu-gcc -E  conftest.c
configure:10782: $? = 0
configure:10782: result: yes
configure:10782: checking for endian.h
configure:10782: result: yes
configure:10782: checking libgen.h usability
configure:10782: x86_64-linux-gnu-gcc -c -g -O2  conftest.c >&5
configure:10782: $? = 0
configure:10782: result: yes
configure:10782: checking libgen.h presence
configure:10782: x86_64-linux-gnu-gcc -E  conftest.c
configure:10782: $? = 0
configure:10782: result: yes
configure:10782: checking for libgen.h
configure:10782: result: yes
configure:10782: checking net/route.h usability
configure:10782: x86_64-linux-gnu-gcc -c -g -O2  conftest.c >&5
configure:10782: $? = 0
configure:10782: result: yes
configure:10782: checking net/route.h presence
configure:10782: x86_64-linux-gnu-gcc -E  conftest.c
configure:10782: $? = 0
configure:10782: result: yes
configure:10782: checking for net/route.h
configure:10782: result: yes
configure:10782: checking net/if.h usability
configure:10782: x86_64-linux-gnu-gcc -c -g -O2  conftest.c >&5
configure:10782: $? = 0
configure:10782: result: yes
configure:10782: checking net/if.h presence
configure:10782: x86_64-linux-gnu-gcc -E  conftest.c
configure:10782: $? = 0
configure:10782: result: yes
configure:10782: checking for net/if.h
configure:10782: result: yes
configure:10782: checking net/ethernet.h usability
configure:10782: x86_64-linux-gnu-gcc -c -g -O2  conftest.c >&5
configure:10782: $? = 0
configure:10782: result: yes
configure:10782: checking net/ethernet.h presence
configure:10782: x86_64-linux-gnu-gcc -E  conftest.c
configure:10782: $? = 0
configure:10782: result: yes
configure:10782: checking for net/ethernet.h
configure:10782: result: yes
configure:10782: checking asm/types.h usability
configure:10782: x86_64-linux-gnu-gcc -c -g -O2  conftest.c >&5
configure:10782: $? = 0
configure:10782: result: yes
configure:10782: checking asm/types.h presence
configure:10782: x86_64-linux-gnu-gcc -E  conftest.c
configure:10782: $? = 0
configure:10782: result: yes
configure:10782: checking for asm/types.h
configure:10782: result: yes
configure:10782: checking net/if_arp.h usability
configure:10782: x86_64-linux-gnu-gcc -c -g -O2  conftest.c >&5
configure:10782: $? = 0
configure:10782: result: yes
configure:10782: checking net/if_arp.h presence
configure:10782: x86_64-linux-gnu-gcc -E  conftest.c
configure:10782: $? = 0
configure:10782: result: yes
configure:10782: checking for net/if_arp.h
configure:10782: result: yes
configure:10782: checking net/if_tun.h usability
configure:10782: x86_64-linux-gnu-gcc -c -g -O2  conftest.c >&5
conftest.c:92:24: fatal error: net/if_tun.h: No such file or directory
 #include <net/if_tun.h>
                        ^
compilation terminated.
configure:10782: $? = 1
configure: failed program was:
| /* confdefs.h */
| #define PACKAGE_NAME "coova-chilli"
| #define PACKAGE_TARNAME "coova-chilli"
| #define PACKAGE_VERSION "1.2.6"
| #define PACKAGE_STRING "coova-chilli 1.2.6"
| #define PACKAGE_BUGREPORT "support@coova.com"
| #define PACKAGE_URL ""
| #define PACKAGE "coova-chilli"
| #define VERSION "1.2.6"
| #define STDC_HEADERS 1
| #define HAVE_SYS_TYPES_H 1
| #define HAVE_SYS_STAT_H 1
| #define HAVE_STDLIB_H 1
| #define HAVE_STRING_H 1
| #define HAVE_MEMORY_H 1
| #define HAVE_STRINGS_H 1
| #define HAVE_INTTYPES_H 1
| #define HAVE_STDINT_H 1
| #define HAVE_UNISTD_H 1
| #define HAVE_DLFCN_H 1
| #define LT_OBJDIR ".libs/"
| #define STDC_HEADERS 1
| #define HAVE_ARPA_INET_H 1
| #define HAVE_ERRNO_H 1
| #define HAVE_FCNTL_H 1
| #define HAVE_NETDB_H 1
| #define HAVE_NETINET_IN_H 1
| #define HAVE_NETINET_TCP_H 1
| #define HAVE_STDINT_H 1
| #define HAVE_STDDEF_H 1
| #define HAVE_STDLIB_H 1
| #define HAVE_STRING_H 1
| #define HAVE_SYS_IOCTL_H 1
| #define HAVE_SYS_SOCKET_H 1
| #define HAVE_SYS_SYSINFO_H 1
| #define HAVE_SYS_PARAM_H 1
| #define HAVE_SYS_TIME_H 1
| #define HAVE_TIME_H 1
| #define HAVE_SYS_IPC_H 1
| #define HAVE_SYS_MSG_H 1
| #define HAVE_SYS_WAIT_H 1
| #define HAVE_SYS_UN_H 1
| #define HAVE_SYS_STAT_H 1
| #define HAVE_SYS_TYPES_H 1
| #define HAVE_REGEX_H 1
| #define HAVE_SYSLOG_H 1
| #define HAVE_RESOLV_H 1
| #define HAVE_POLL_H 1
| #define HAVE_SYS_EPOLL_H 1
| #define HAVE_UNISTD_H 1
| #define HAVE_ENDIAN_H 1
| #define HAVE_LIBGEN_H 1
| #define HAVE_NET_ROUTE_H 1
| #define HAVE_NET_IF_H 1
| #define HAVE_NET_ETHERNET_H 1
| #define HAVE_ASM_TYPES_H 1
| #define HAVE_NET_IF_ARP_H 1
| /* end confdefs.h.  */
| #include <stdio.h>
| #ifdef HAVE_SYS_TYPES_H
| # include <sys/types.h>
| #endif
| #ifdef HAVE_SYS_STAT_H
| # include <sys/stat.h>
| #endif
| #ifdef STDC_HEADERS
| # include <stdlib.h>
| # include <stddef.h>
| #else
| # ifdef HAVE_STDLIB_H
| #  include <stdlib.h>
| # endif
| #endif
| #ifdef HAVE_STRING_H
| # if !defined STDC_HEADERS && defined HAVE_MEMORY_H
| #  include <memory.h>
| # endif
| # include <string.h>
| #endif
| #ifdef HAVE_STRINGS_H
| # include <strings.h>
| #endif
| #ifdef HAVE_INTTYPES_H
| # include <inttypes.h>
| #endif
| #ifdef HAVE_STDINT_H
| # include <stdint.h>
| #endif
| #ifdef HAVE_UNISTD_H
| # include <unistd.h>
| #endif
| #include <net/if_tun.h>
configure:10782: result: no
configure:10782: checking net/if_tun.h presence
configure:10782: x86_64-linux-gnu-gcc -E  conftest.c
conftest.c:59:24: fatal error: net/if_tun.h: No such file or directory
 #include <net/if_tun.h>
                        ^
compilation terminated.
configure:10782: $? = 1
configure: failed program was:
| /* confdefs.h */
| #define PACKAGE_NAME "coova-chilli"
| #define PACKAGE_TARNAME "coova-chilli"
| #define PACKAGE_VERSION "1.2.6"
| #define PACKAGE_STRING "coova-chilli 1.2.6"
| #define PACKAGE_BUGREPORT "support@coova.com"
| #define PACKAGE_URL ""
| #define PACKAGE "coova-chilli"
| #define VERSION "1.2.6"
| #define STDC_HEADERS 1
| #define HAVE_SYS_TYPES_H 1
| #define HAVE_SYS_STAT_H 1
| #define HAVE_STDLIB_H 1
| #define HAVE_STRING_H 1
| #define HAVE_MEMORY_H 1
| #define HAVE_STRINGS_H 1
| #define HAVE_INTTYPES_H 1
| #define HAVE_STDINT_H 1
| #define HAVE_UNISTD_H 1
| #define HAVE_DLFCN_H 1
| #define LT_OBJDIR ".libs/"
| #define STDC_HEADERS 1
| #define HAVE_ARPA_INET_H 1
| #define HAVE_ERRNO_H 1
| #define HAVE_FCNTL_H 1
| #define HAVE_NETDB_H 1
| #define HAVE_NETINET_IN_H 1
| #define HAVE_NETINET_TCP_H 1
| #define HAVE_STDINT_H 1
| #define HAVE_STDDEF_H 1
| #define HAVE_STDLIB_H 1
| #define HAVE_STRING_H 1
| #define HAVE_SYS_IOCTL_H 1
| #define HAVE_SYS_SOCKET_H 1
| #define HAVE_SYS_SYSINFO_H 1
| #define HAVE_SYS_PARAM_H 1
| #define HAVE_SYS_TIME_H 1
| #define HAVE_TIME_H 1
| #define HAVE_SYS_IPC_H 1
| #define HAVE_SYS_MSG_H 1
| #define HAVE_SYS_WAIT_H 1
| #define HAVE_SYS_UN_H 1
| #define HAVE_SYS_STAT_H 1
| #define HAVE_SYS_TYPES_H 1
| #define HAVE_REGEX_H 1
| #define HAVE_SYSLOG_H 1
| #define HAVE_RESOLV_H 1
| #define HAVE_POLL_H 1
| #define HAVE_SYS_EPOLL_H 1
| #define HAVE_UNISTD_H 1
| #define HAVE_ENDIAN_H 1
| #define HAVE_LIBGEN_H 1
| #define HAVE_NET_ROUTE_H 1
| #define HAVE_NET_IF_H 1
| #define HAVE_NET_ETHERNET_H 1
| #define HAVE_ASM_TYPES_H 1
| #define HAVE_NET_IF_ARP_H 1
| /* end confdefs.h.  */
| #include <net/if_tun.h>
configure:10782: result: no
configure:10782: checking for net/if_tun.h
configure:10782: result: no
configure:10782: checking pwd.h usability
configure:10782: x86_64-linux-gnu-gcc -c -g -O2  conftest.c >&5
configure:10782: $? = 0
configure:10782: result: yes
configure:10782: checking pwd.h presence
configure:10782: x86_64-linux-gnu-gcc -E  conftest.c
configure:10782: $? = 0
configure:10782: result: yes
configure:10782: checking for pwd.h
configure:10782: result: yes
configure:10782: checking grp.h usability
configure:10782: x86_64-linux-gnu-gcc -c -g -O2  conftest.c >&5
configure:10782: $? = 0
configure:10782: result: yes
configure:10782: checking grp.h presence
configure:10782: x86_64-linux-gnu-gcc -E  conftest.c
configure:10782: $? = 0
configure:10782: result: yes
configure:10782: checking for grp.h
configure:10782: result: yes
configure:10794: checking for an ANSI C-conforming const
configure:10859: x86_64-linux-gnu-gcc -c -g -O2  conftest.c >&5
configure:10859: $? = 0
configure:10866: result: yes
configure:10874: checking for mode_t
configure:10874: x86_64-linux-gnu-gcc -c -g -O2  conftest.c >&5
configure:10874: $? = 0
configure:10874: x86_64-linux-gnu-gcc -c -g -O2  conftest.c >&5
conftest.c: In function 'main':
conftest.c:97:21: error: expected expression before ')' token
 if (sizeof ((mode_t)))
                     ^
configure:10874: $? = 1
configure: failed program was:
| /* confdefs.h */
| #define PACKAGE_NAME "coova-chilli"
| #define PACKAGE_TARNAME "coova-chilli"
| #define PACKAGE_VERSION "1.2.6"
| #define PACKAGE_STRING "coova-chilli 1.2.6"
| #define PACKAGE_BUGREPORT "support@coova.com"
| #define PACKAGE_URL ""
| #define PACKAGE "coova-chilli"
| #define VERSION "1.2.6"
| #define STDC_HEADERS 1
| #define HAVE_SYS_TYPES_H 1
| #define HAVE_SYS_STAT_H 1
| #define HAVE_STDLIB_H 1
| #define HAVE_STRING_H 1
| #define HAVE_MEMORY_H 1
| #define HAVE_STRINGS_H 1
| #define HAVE_INTTYPES_H 1
| #define HAVE_STDINT_H 1
| #define HAVE_UNISTD_H 1
| #define HAVE_DLFCN_H 1
| #define LT_OBJDIR ".libs/"
| #define STDC_HEADERS 1
| #define HAVE_ARPA_INET_H 1
| #define HAVE_ERRNO_H 1
| #define HAVE_FCNTL_H 1
| #define HAVE_NETDB_H 1
| #define HAVE_NETINET_IN_H 1
| #define HAVE_NETINET_TCP_H 1
| #define HAVE_STDINT_H 1
| #define HAVE_STDDEF_H 1
| #define HAVE_STDLIB_H 1
| #define HAVE_STRING_H 1
| #define HAVE_SYS_IOCTL_H 1
| #define HAVE_SYS_SOCKET_H 1
| #define HAVE_SYS_SYSINFO_H 1
| #define HAVE_SYS_PARAM_H 1
| #define HAVE_SYS_TIME_H 1
| #define HAVE_TIME_H 1
| #define HAVE_SYS_IPC_H 1
| #define HAVE_SYS_MSG_H 1
| #define HAVE_SYS_WAIT_H 1
| #define HAVE_SYS_UN_H 1
| #define HAVE_SYS_STAT_H 1
| #define HAVE_SYS_TYPES_H 1
| #define HAVE_REGEX_H 1
| #define HAVE_SYSLOG_H 1
| #define HAVE_RESOLV_H 1
| #define HAVE_POLL_H 1
| #define HAVE_SYS_EPOLL_H 1
| #define HAVE_UNISTD_H 1
| #define HAVE_ENDIAN_H 1
| #define HAVE_LIBGEN_H 1
| #define HAVE_NET_ROUTE_H 1
| #define HAVE_NET_IF_H 1
| #define HAVE_NET_ETHERNET_H 1
| #define HAVE_ASM_TYPES_H 1
| #define HAVE_NET_IF_ARP_H 1
| #define HAVE_PWD_H 1
| #define HAVE_GRP_H 1
| /* end confdefs.h.  */
| #include <stdio.h>
| #ifdef HAVE_SYS_TYPES_H
| # include <sys/types.h>
| #endif
| #ifdef HAVE_SYS_STAT_H
| # include <sys/stat.h>
| #endif
| #ifdef STDC_HEADERS
| # include <stdlib.h>
| # include <stddef.h>
| #else
| # ifdef HAVE_STDLIB_H
| #  include <stdlib.h>
| # endif
| #endif
| #ifdef HAVE_STRING_H
| # if !defined STDC_HEADERS && defined HAVE_MEMORY_H
| #  include <memory.h>
| # endif
| # include <string.h>
| #endif
| #ifdef HAVE_STRINGS_H
| # include <strings.h>
| #endif
| #ifdef HAVE_INTTYPES_H
| # include <inttypes.h>
| #endif
| #ifdef HAVE_STDINT_H
| # include <stdint.h>
| #endif
| #ifdef HAVE_UNISTD_H
| # include <unistd.h>
| #endif
| int
| main ()
| {
| if (sizeof ((mode_t)))
| 	    return 0;
|   ;
|   return 0;
| }
configure:10874: result: yes
configure:10885: checking whether time.h and sys/time.h may both be included
configure:10905: x86_64-linux-gnu-gcc -c -g -O2  conftest.c >&5
configure:10905: $? = 0
configure:10912: result: yes
configure:10922: checking for pid_t
configure:10922: x86_64-linux-gnu-gcc -c -g -O2  conftest.c >&5
configure:10922: $? = 0
configure:10922: x86_64-linux-gnu-gcc -c -g -O2  conftest.c >&5
conftest.c: In function 'main':
conftest.c:98:20: error: expected expression before ')' token
 if (sizeof ((pid_t)))
                    ^
configure:10922: $? = 1
configure: failed program was:
| /* confdefs.h */
| #define PACKAGE_NAME "coova-chilli"
| #define PACKAGE_TARNAME "coova-chilli"
| #define PACKAGE_VERSION "1.2.6"
| #define PACKAGE_STRING "coova-chilli 1.2.6"
| #define PACKAGE_BUGREPORT "support@coova.com"
| #define PACKAGE_URL ""
| #define PACKAGE "coova-chilli"
| #define VERSION "1.2.6"
| #define STDC_HEADERS 1
| #define HAVE_SYS_TYPES_H 1
| #define HAVE_SYS_STAT_H 1
| #define HAVE_STDLIB_H 1
| #define HAVE_STRING_H 1
| #define HAVE_MEMORY_H 1
| #define HAVE_STRINGS_H 1
| #define HAVE_INTTYPES_H 1
| #define HAVE_STDINT_H 1
| #define HAVE_UNISTD_H 1
| #define HAVE_DLFCN_H 1
| #define LT_OBJDIR ".libs/"
| #define STDC_HEADERS 1
| #define HAVE_ARPA_INET_H 1
| #define HAVE_ERRNO_H 1
| #define HAVE_FCNTL_H 1
| #define HAVE_NETDB_H 1
| #define HAVE_NETINET_IN_H 1
| #define HAVE_NETINET_TCP_H 1
| #define HAVE_STDINT_H 1
| #define HAVE_STDDEF_H 1
| #define HAVE_STDLIB_H 1
| #define HAVE_STRING_H 1
| #define HAVE_SYS_IOCTL_H 1
| #define HAVE_SYS_SOCKET_H 1
| #define HAVE_SYS_SYSINFO_H 1
| #define HAVE_SYS_PARAM_H 1
| #define HAVE_SYS_TIME_H 1
| #define HAVE_TIME_H 1
| #define HAVE_SYS_IPC_H 1
| #define HAVE_SYS_MSG_H 1
| #define HAVE_SYS_WAIT_H 1
| #define HAVE_SYS_UN_H 1
| #define HAVE_SYS_STAT_H 1
| #define HAVE_SYS_TYPES_H 1
| #define HAVE_REGEX_H 1
| #define HAVE_SYSLOG_H 1
| #define HAVE_RESOLV_H 1
| #define HAVE_POLL_H 1
| #define HAVE_SYS_EPOLL_H 1
| #define HAVE_UNISTD_H 1
| #define HAVE_ENDIAN_H 1
| #define HAVE_LIBGEN_H 1
| #define HAVE_NET_ROUTE_H 1
| #define HAVE_NET_IF_H 1
| #define HAVE_NET_ETHERNET_H 1
| #define HAVE_ASM_TYPES_H 1
| #define HAVE_NET_IF_ARP_H 1
| #define HAVE_PWD_H 1
| #define HAVE_GRP_H 1
| #define TIME_WITH_SYS_TIME 1
| /* end confdefs.h.  */
| #include <stdio.h>
| #ifdef HAVE_SYS_TYPES_H
| # include <sys/types.h>
| #endif
| #ifdef HAVE_SYS_STAT_H
| # include <sys/stat.h>
| #endif
| #ifdef STDC_HEADERS
| # include <stdlib.h>
| # include <stddef.h>
| #else
| # ifdef HAVE_STDLIB_H
| #  include <stdlib.h>
| # endif
| #endif
| #ifdef HAVE_STRING_H
| # if !defined STDC_HEADERS && defined HAVE_MEMORY_H
| #  include <memory.h>
| # endif
| # include <string.h>
| #endif
| #ifdef HAVE_STRINGS_H
| # include <strings.h>
| #endif
| #ifdef HAVE_INTTYPES_H
| # include <inttypes.h>
| #endif
| #ifdef HAVE_STDINT_H
| # include <stdint.h>
| #endif
| #ifdef HAVE_UNISTD_H
| # include <unistd.h>
| #endif
| int
| main ()
| {
| if (sizeof ((pid_t)))
| 	    return 0;
|   ;
|   return 0;
| }
configure:10922: result: yes
configure:10935: checking vfork.h usability
configure:10935: x86_64-linux-gnu-gcc -c -g -O2  conftest.c >&5
conftest.c:95:19: fatal error: vfork.h: No such file or directory
 #include <vfork.h>
                   ^
compilation terminated.
configure:10935: $? = 1
configure: failed program was:
| /* confdefs.h */
| #define PACKAGE_NAME "coova-chilli"
| #define PACKAGE_TARNAME "coova-chilli"
| #define PACKAGE_VERSION "1.2.6"
| #define PACKAGE_STRING "coova-chilli 1.2.6"
| #define PACKAGE_BUGREPORT "support@coova.com"
| #define PACKAGE_URL ""
| #define PACKAGE "coova-chilli"
| #define VERSION "1.2.6"
| #define STDC_HEADERS 1
| #define HAVE_SYS_TYPES_H 1
| #define HAVE_SYS_STAT_H 1
| #define HAVE_STDLIB_H 1
| #define HAVE_STRING_H 1
| #define HAVE_MEMORY_H 1
| #define HAVE_STRINGS_H 1
| #define HAVE_INTTYPES_H 1
| #define HAVE_STDINT_H 1
| #define HAVE_UNISTD_H 1
| #define HAVE_DLFCN_H 1
| #define LT_OBJDIR ".libs/"
| #define STDC_HEADERS 1
| #define HAVE_ARPA_INET_H 1
| #define HAVE_ERRNO_H 1
| #define HAVE_FCNTL_H 1
| #define HAVE_NETDB_H 1
| #define HAVE_NETINET_IN_H 1
| #define HAVE_NETINET_TCP_H 1
| #define HAVE_STDINT_H 1
| #define HAVE_STDDEF_H 1
| #define HAVE_STDLIB_H 1
| #define HAVE_STRING_H 1
| #define HAVE_SYS_IOCTL_H 1
| #define HAVE_SYS_SOCKET_H 1
| #define HAVE_SYS_SYSINFO_H 1
| #define HAVE_SYS_PARAM_H 1
| #define HAVE_SYS_TIME_H 1
| #define HAVE_TIME_H 1
| #define HAVE_SYS_IPC_H 1
| #define HAVE_SYS_MSG_H 1
| #define HAVE_SYS_WAIT_H 1
| #define HAVE_SYS_UN_H 1
| #define HAVE_SYS_STAT_H 1
| #define HAVE_SYS_TYPES_H 1
| #define HAVE_REGEX_H 1
| #define HAVE_SYSLOG_H 1
| #define HAVE_RESOLV_H 1
| #define HAVE_POLL_H 1
| #define HAVE_SYS_EPOLL_H 1
| #define HAVE_UNISTD_H 1
| #define HAVE_ENDIAN_H 1
| #define HAVE_LIBGEN_H 1
| #define HAVE_NET_ROUTE_H 1
| #define HAVE_NET_IF_H 1
| #define HAVE_NET_ETHERNET_H 1
| #define HAVE_ASM_TYPES_H 1
| #define HAVE_NET_IF_ARP_H 1
| #define HAVE_PWD_H 1
| #define HAVE_GRP_H 1
| #define TIME_WITH_SYS_TIME 1
| /* end confdefs.h.  */
| #include <stdio.h>
| #ifdef HAVE_SYS_TYPES_H
| # include <sys/types.h>
| #endif
| #ifdef HAVE_SYS_STAT_H
| # include <sys/stat.h>
| #endif
| #ifdef STDC_HEADERS
| # include <stdlib.h>
| # include <stddef.h>
| #else
| # ifdef HAVE_STDLIB_H
| #  include <stdlib.h>
| # endif
| #endif
| #ifdef HAVE_STRING_H
| # if !defined STDC_HEADERS && defined HAVE_MEMORY_H
| #  include <memory.h>
| # endif
| # include <string.h>
| #endif
| #ifdef HAVE_STRINGS_H
| # include <strings.h>
| #endif
| #ifdef HAVE_INTTYPES_H
| # include <inttypes.h>
| #endif
| #ifdef HAVE_STDINT_H
| # include <stdint.h>
| #endif
| #ifdef HAVE_UNISTD_H
| # include <unistd.h>
| #endif
| #include <vfork.h>
configure:10935: result: no
configure:10935: checking vfork.h presence
configure:10935: x86_64-linux-gnu-gcc -E  conftest.c
conftest.c:62:19: fatal error: vfork.h: No such file or directory
 #include <vfork.h>
                   ^
compilation terminated.
configure:10935: $? = 1
configure: failed program was:
| /* confdefs.h */
| #define PACKAGE_NAME "coova-chilli"
| #define PACKAGE_TARNAME "coova-chilli"
| #define PACKAGE_VERSION "1.2.6"
| #define PACKAGE_STRING "coova-chilli 1.2.6"
| #define PACKAGE_BUGREPORT "support@coova.com"
| #define PACKAGE_URL ""
| #define PACKAGE "coova-chilli"
| #define VERSION "1.2.6"
| #define STDC_HEADERS 1
| #define HAVE_SYS_TYPES_H 1
| #define HAVE_SYS_STAT_H 1
| #define HAVE_STDLIB_H 1
| #define HAVE_STRING_H 1
| #define HAVE_MEMORY_H 1
| #define HAVE_STRINGS_H 1
| #define HAVE_INTTYPES_H 1
| #define HAVE_STDINT_H 1
| #define HAVE_UNISTD_H 1
| #define HAVE_DLFCN_H 1
| #define LT_OBJDIR ".libs/"
| #define STDC_HEADERS 1
| #define HAVE_ARPA_INET_H 1
| #define HAVE_ERRNO_H 1
| #define HAVE_FCNTL_H 1
| #define HAVE_NETDB_H 1
| #define HAVE_NETINET_IN_H 1
| #define HAVE_NETINET_TCP_H 1
| #define HAVE_STDINT_H 1
| #define HAVE_STDDEF_H 1
| #define HAVE_STDLIB_H 1
| #define HAVE_STRING_H 1
| #define HAVE_SYS_IOCTL_H 1
| #define HAVE_SYS_SOCKET_H 1
| #define HAVE_SYS_SYSINFO_H 1
| #define HAVE_SYS_PARAM_H 1
| #define HAVE_SYS_TIME_H 1
| #define HAVE_TIME_H 1
| #define HAVE_SYS_IPC_H 1
| #define HAVE_SYS_MSG_H 1
| #define HAVE_SYS_WAIT_H 1
| #define HAVE_SYS_UN_H 1
| #define HAVE_SYS_STAT_H 1
| #define HAVE_SYS_TYPES_H 1
| #define HAVE_REGEX_H 1
| #define HAVE_SYSLOG_H 1
| #define HAVE_RESOLV_H 1
| #define HAVE_POLL_H 1
| #define HAVE_SYS_EPOLL_H 1
| #define HAVE_UNISTD_H 1
| #define HAVE_ENDIAN_H 1
| #define HAVE_LIBGEN_H 1
| #define HAVE_NET_ROUTE_H 1
| #define HAVE_NET_IF_H 1
| #define HAVE_NET_ETHERNET_H 1
| #define HAVE_ASM_TYPES_H 1
| #define HAVE_NET_IF_ARP_H 1
| #define HAVE_PWD_H 1
| #define HAVE_GRP_H 1
| #define TIME_WITH_SYS_TIME 1
| /* end confdefs.h.  */
| #include <vfork.h>
configure:10935: result: no
configure:10935: checking for vfork.h
configure:10935: result: no
configure:10948: checking for fork
configure:10948: x86_64-linux-gnu-gcc -o conftest -g -O2   conftest.c  >&5
conftest.c:85:6: warning: conflicting types for built-in function 'fork'
 char fork ();
      ^
configure:10948: $? = 0
configure:10948: result: yes
configure:10948: checking for vfork
configure:10948: x86_64-linux-gnu-gcc -o conftest -g -O2   conftest.c  >&5
configure:10948: $? = 0
configure:10948: result: yes
configure:10958: checking for working fork
configure:10980: x86_64-linux-gnu-gcc -o conftest -g -O2   conftest.c  >&5
configure:10980: $? = 0
configure:10980: ./conftest
configure:10980: $? = 0
configure:10990: result: yes
configure:11011: checking for working vfork
configure:11121: result: yes
configure:11147: checking whether x86_64-linux-gnu-gcc needs -traditional
configure:11181: result: no
configure:11188: checking for working memcmp
configure:11231: x86_64-linux-gnu-gcc -o conftest -g -O2   conftest.c  >&5
configure:11231: $? = 0
configure:11231: ./conftest
configure:11231: $? = 0
configure:11241: result: yes
configure:11253: checking sys/select.h usability
configure:11253: x86_64-linux-gnu-gcc -c -g -O2  conftest.c >&5
configure:11253: $? = 0
configure:11253: result: yes
configure:11253: checking sys/select.h presence
configure:11253: x86_64-linux-gnu-gcc -E  conftest.c
configure:11253: $? = 0
configure:11253: result: yes
configure:11253: checking for sys/select.h
configure:11253: result: yes
configure:11253: checking for sys/socket.h
configure:11253: result: yes
configure:11263: checking types of arguments for select
configure:11291: x86_64-linux-gnu-gcc -c -g -O2  conftest.c >&5
configure:11291: $? = 0
configure:11302: result: int,fd_set *,struct timeval *
configure:11330: checking for gethostbyname
configure:11330: x86_64-linux-gnu-gcc -o conftest -g -O2   conftest.c  >&5
configure:11330: $? = 0
configure:11330: result: yes
configure:11330: checking for getprotoent
configure:11330: x86_64-linux-gnu-gcc -o conftest -g -O2   conftest.c  >&5
configure:11330: $? = 0
configure:11330: result: yes
configure:11330: checking for gettimeofday
configure:11330: x86_64-linux-gnu-gcc -o conftest -g -O2   conftest.c  >&5
configure:11330: $? = 0
configure:11330: result: yes
configure:11330: checking for inet_ntoa
configure:11330: x86_64-linux-gnu-gcc -o conftest -g -O2   conftest.c  >&5
configure:11330: $? = 0
configure:11330: result: yes
configure:11330: checking for memset
configure:11330: x86_64-linux-gnu-gcc -o conftest -g -O2   conftest.c  >&5
conftest.c:98:6: warning: conflicting types for built-in function 'memset'
 char memset ();
      ^
configure:11330: $? = 0
configure:11330: result: yes
configure:11330: checking for select
configure:11330: x86_64-linux-gnu-gcc -o conftest -g -O2   conftest.c  >&5
configure:11330: $? = 0
configure:11330: result: yes
configure:11330: checking for socket
configure:11330: x86_64-linux-gnu-gcc -o conftest -g -O2   conftest.c  >&5
configure:11330: $? = 0
configure:11330: result: yes
configure:11330: checking for strdup
configure:11330: x86_64-linux-gnu-gcc -o conftest -g -O2   conftest.c  >&5
conftest.c:101:6: warning: conflicting types for built-in function 'strdup'
 char strdup ();
      ^
configure:11330: $? = 0
configure:11330: result: yes
configure:11330: checking for strerror
configure:11330: x86_64-linux-gnu-gcc -o conftest -g -O2   conftest.c  >&5
configure:11330: $? = 0
configure:11330: result: yes
configure:11330: checking for strstr
configure:11330: x86_64-linux-gnu-gcc -o conftest -g -O2   conftest.c  >&5
conftest.c:103:6: warning: conflicting types for built-in function 'strstr'
 char strstr ();
      ^
configure:11330: $? = 0
configure:11330: result: yes
configure:11330: checking for strtol
configure:11330: x86_64-linux-gnu-gcc -o conftest -g -O2   conftest.c  >&5
configure:11330: $? = 0
configure:11330: result: yes
configure:11330: checking for getline
configure:11330: x86_64-linux-gnu-gcc -o conftest -g -O2   conftest.c  >&5
configure:11330: $? = 0
configure:11330: result: yes
configure:11330: checking for dirname
configure:11330: x86_64-linux-gnu-gcc -o conftest -g -O2   conftest.c  >&5
configure:11330: $? = 0
configure:11330: result: yes
configure:11330: checking for glob
configure:11330: x86_64-linux-gnu-gcc -o conftest -g -O2   conftest.c  >&5
configure:11330: $? = 0
configure:11330: result: yes
configure:11339: checking for res_init in -lresolv
configure:11364: x86_64-linux-gnu-gcc -o conftest -g -O2   conftest.c -lresolv   >&5
/tmp/ccgbsnxp.o: In function `main':
/home/abdouhanne/coova-chilli-1.2.6/conftest.c:96: undefined reference to `res_init'
collect2: error: ld returned 1 exit status
configure:11364: $? = 1
configure: failed program was:
| /* confdefs.h */
| #define PACKAGE_NAME "coova-chilli"
| #define PACKAGE_TARNAME "coova-chilli"
| #define PACKAGE_VERSION "1.2.6"
| #define PACKAGE_STRING "coova-chilli 1.2.6"
| #define PACKAGE_BUGREPORT "support@coova.com"
| #define PACKAGE_URL ""
| #define PACKAGE "coova-chilli"
| #define VERSION "1.2.6"
| #define STDC_HEADERS 1
| #define HAVE_SYS_TYPES_H 1
| #define HAVE_SYS_STAT_H 1
| #define HAVE_STDLIB_H 1
| #define HAVE_STRING_H 1
| #define HAVE_MEMORY_H 1
| #define HAVE_STRINGS_H 1
| #define HAVE_INTTYPES_H 1
| #define HAVE_STDINT_H 1
| #define HAVE_UNISTD_H 1
| #define HAVE_DLFCN_H 1
| #define LT_OBJDIR ".libs/"
| #define STDC_HEADERS 1
| #define HAVE_ARPA_INET_H 1
| #define HAVE_ERRNO_H 1
| #define HAVE_FCNTL_H 1
| #define HAVE_NETDB_H 1
| #define HAVE_NETINET_IN_H 1
| #define HAVE_NETINET_TCP_H 1
| #define HAVE_STDINT_H 1
| #define HAVE_STDDEF_H 1
| #define HAVE_STDLIB_H 1
| #define HAVE_STRING_H 1
| #define HAVE_SYS_IOCTL_H 1
| #define HAVE_SYS_SOCKET_H 1
| #define HAVE_SYS_SYSINFO_H 1
| #define HAVE_SYS_PARAM_H 1
| #define HAVE_SYS_TIME_H 1
| #define HAVE_TIME_H 1
| #define HAVE_SYS_IPC_H 1
| #define HAVE_SYS_MSG_H 1
| #define HAVE_SYS_WAIT_H 1
| #define HAVE_SYS_UN_H 1
| #define HAVE_SYS_STAT_H 1
| #define HAVE_SYS_TYPES_H 1
| #define HAVE_REGEX_H 1
| #define HAVE_SYSLOG_H 1
| #define HAVE_RESOLV_H 1
| #define HAVE_POLL_H 1
| #define HAVE_SYS_EPOLL_H 1
| #define HAVE_UNISTD_H 1
| #define HAVE_ENDIAN_H 1
| #define HAVE_LIBGEN_H 1
| #define HAVE_NET_ROUTE_H 1
| #define HAVE_NET_IF_H 1
| #define HAVE_NET_ETHERNET_H 1
| #define HAVE_ASM_TYPES_H 1
| #define HAVE_NET_IF_ARP_H 1
| #define HAVE_PWD_H 1
| #define HAVE_GRP_H 1
| #define TIME_WITH_SYS_TIME 1
| #define HAVE_FORK 1
| #define HAVE_VFORK 1
| #define HAVE_WORKING_VFORK 1
| #define HAVE_WORKING_FORK 1
| #define HAVE_SYS_SELECT_H 1
| #define HAVE_SYS_SOCKET_H 1
| #define SELECT_TYPE_ARG1 int
| #define SELECT_TYPE_ARG234 (fd_set *)
| #define SELECT_TYPE_ARG5 (struct timeval *)
| #define HAVE_GETHOSTBYNAME 1
| #define HAVE_GETPROTOENT 1
| #define HAVE_GETTIMEOFDAY 1
| #define HAVE_INET_NTOA 1
| #define HAVE_MEMSET 1
| #define HAVE_SELECT 1
| #define HAVE_SOCKET 1
| #define HAVE_STRDUP 1
| #define HAVE_STRERROR 1
| #define HAVE_STRSTR 1
| #define HAVE_STRTOL 1
| #define HAVE_GETLINE 1
| #define HAVE_DIRNAME 1
| #define HAVE_GLOB 1
| /* end confdefs.h.  */
| 
| /* Override any GCC internal prototype to avoid an error.
|    Use char because int might match the return type of a GCC
|    builtin and then its argument prototype would still apply.  */
| #ifdef __cplusplus
| extern "C"
| #endif
| char res_init ();
| int
| main ()
| {
| return res_init ();
|   ;
|   return 0;
| }
configure:11373: result: no
configure:11658: checking for CRYPTO_malloc in -lcrypto
configure:11683: x86_64-linux-gnu-gcc -o conftest -g -O2   conftest.c -lcrypto -lssl -lcrypto  >&5
configure:11683: $? = 0
configure:11692: result: yes
configure:12627: checking for clock_gettime in -lrt
configure:12652: x86_64-linux-gnu-gcc -o conftest -g -O2   conftest.c -lrt   >&5
configure:12652: $? = 0
configure:12661: result: yes
configure:12912: creating ./config.status

## ---------------------- ##
## Running config.status. ##
## ---------------------- ##

This file was extended by coova-chilli config.status 1.2.6, which was
generated by GNU Autoconf 2.67.  Invocation command line was

  CONFIG_FILES    = 
  CONFIG_HEADERS  = 
  CONFIG_LINKS    = 
  CONFIG_COMMANDS = 
  $ ./config.status 

on vps334675.ovh.net

config.status:1232: creating Makefile
config.status:1232: creating bstring/Makefile
config.status:1232: creating src/Makefile
config.status:1232: creating src/mssl/Makefile
config.status:1232: creating www/Makefile
config.status:1232: creating doc/Makefile
config.status:1232: creating conf/Makefile
config.status:1232: creating debian/Makefile
config.status:1232: creating miniportal/Makefile
config.status:1232: creating json/Makefile
config.status:1232: creating distro/Makefile
config.status:1232: creating distro/suse/coova-chilli.spec
config.status:1232: creating distro/redhat/coova-chilli.spec
config.status:1232: creating config.h
config.status:1460: executing depfiles commands
config.status:1460: executing libtool commands

## ---------------- ##
## Cache variables. ##
## ---------------- ##

ac_cv_build=x86_64-pc-linux-gnu
ac_cv_c_compiler_gnu=yes
ac_cv_c_const=yes
ac_cv_env_CC_set=
ac_cv_env_CC_value=
ac_cv_env_CFLAGS_set=
ac_cv_env_CFLAGS_value=
ac_cv_env_CPPFLAGS_set=
ac_cv_env_CPPFLAGS_value=
ac_cv_env_CPP_set=
ac_cv_env_CPP_value=
ac_cv_env_LDFLAGS_set=
ac_cv_env_LDFLAGS_value=
ac_cv_env_LIBS_set=
ac_cv_env_LIBS_value=
ac_cv_env_build_alias_set=set
ac_cv_env_build_alias_value=x86_64-linux-gnu
ac_cv_env_host_alias_set=set
ac_cv_env_host_alias_value=x86_64-linux-gnu
ac_cv_env_target_alias_set=
ac_cv_env_target_alias_value=
ac_cv_func_dirname=yes
ac_cv_func_fork=yes
ac_cv_func_fork_works=yes
ac_cv_func_gethostbyname=yes
ac_cv_func_getline=yes
ac_cv_func_getprotoent=yes
ac_cv_func_gettimeofday=yes
ac_cv_func_glob=yes
ac_cv_func_inet_ntoa=yes
ac_cv_func_memcmp_working=yes
ac_cv_func_memset=yes
ac_cv_func_select=yes
ac_cv_func_select_args='int,fd_set *,struct timeval *'
ac_cv_func_socket=yes
ac_cv_func_strdup=yes
ac_cv_func_strerror=yes
ac_cv_func_strstr=yes
ac_cv_func_strtol=yes
ac_cv_func_vfork=yes
ac_cv_func_vfork_works=yes
ac_cv_header_arpa_inet_h=yes
ac_cv_header_asm_types_h=yes
ac_cv_header_dlfcn_h=yes
ac_cv_header_endian_h=yes
ac_cv_header_errno_h=yes
ac_cv_header_fcntl_h=yes
ac_cv_header_grp_h=yes
ac_cv_header_inttypes_h=yes
ac_cv_header_libgen_h=yes
ac_cv_header_memory_h=yes
ac_cv_header_net_ethernet_h=yes
ac_cv_header_net_if_arp_h=yes
ac_cv_header_net_if_h=yes
ac_cv_header_net_if_tun_h=no
ac_cv_header_net_route_h=yes
ac_cv_header_netdb_h=yes
ac_cv_header_netinet_in_h=yes
ac_cv_header_netinet_tcp_h=yes
ac_cv_header_poll_h=yes
ac_cv_header_pwd_h=yes
ac_cv_header_regex_h=yes
ac_cv_header_resolv_h=yes
ac_cv_header_stdc=yes
ac_cv_header_stddef_h=yes
ac_cv_header_stdint_h=yes
ac_cv_header_stdlib_h=yes
ac_cv_header_string_h=yes
ac_cv_header_strings_h=yes
ac_cv_header_sys_epoll_h=yes
ac_cv_header_sys_ioctl_h=yes
ac_cv_header_sys_ipc_h=yes
ac_cv_header_sys_msg_h=yes
ac_cv_header_sys_param_h=yes
ac_cv_header_sys_select_h=yes
ac_cv_header_sys_socket_h=yes
ac_cv_header_sys_stat_h=yes
ac_cv_header_sys_sysinfo_h=yes
ac_cv_header_sys_time_h=yes
ac_cv_header_sys_types_h=yes
ac_cv_header_sys_un_h=yes
ac_cv_header_sys_wait_h=yes
ac_cv_header_syslog_h=yes
ac_cv_header_time=yes
ac_cv_header_time_h=yes
ac_cv_header_unistd_h=yes
ac_cv_header_vfork_h=no
ac_cv_host=x86_64-pc-linux-gnu
ac_cv_lib_crypto_CRYPTO_malloc=yes
ac_cv_lib_resolv_res_init=no
ac_cv_lib_rt_clock_gettime=yes
ac_cv_objext=o
ac_cv_path_EGREP='/bin/grep -E'
ac_cv_path_FGREP='/bin/grep -F'
ac_cv_path_GREP=/bin/grep
ac_cv_path_SED=/bin/sed
ac_cv_path_install='/usr/bin/install -c'
ac_cv_path_mkdir=/bin/mkdir
ac_cv_prog_AR=x86_64-linux-gnu-ar
ac_cv_prog_AWK=mawk
ac_cv_prog_CC=x86_64-linux-gnu-gcc
ac_cv_prog_CPP='x86_64-linux-gnu-gcc -E'
ac_cv_prog_OBJDUMP=x86_64-linux-gnu-objdump
ac_cv_prog_RANLIB=x86_64-linux-gnu-ranlib
ac_cv_prog_STRIP=x86_64-linux-gnu-strip
ac_cv_prog_cc_c89=
ac_cv_prog_cc_g=yes
ac_cv_prog_gcc_traditional=no
ac_cv_prog_make_make_set=yes
ac_cv_type_mode_t=yes
ac_cv_type_pid_t=yes
am_cv_CC_dependencies_compiler_type=gcc3
lt_cv_deplibs_check_method=pass_all
lt_cv_file_magic_cmd='$MAGIC_CMD'
lt_cv_file_magic_test_file=
lt_cv_ld_reload_flag=-r
lt_cv_nm_interface='BSD nm'
lt_cv_objdir=.libs
lt_cv_path_LD=/usr/bin/ld
lt_cv_path_NM='/usr/bin/nm -B'
lt_cv_prog_compiler_c_o=yes
lt_cv_prog_compiler_pic_works=yes
lt_cv_prog_compiler_rtti_exceptions=no
lt_cv_prog_compiler_static_works=yes
lt_cv_prog_gnu_ld=yes
lt_cv_sys_global_symbol_pipe='sed -n -e '\''s/^.*[	 ]\([ABCDGIRSTW][ABCDGIRSTW]*\)[	 ][	 ]*\([_A-Za-z][_A-Za-z0-9]*\)$/\1 \2 \2/p'\'''
lt_cv_sys_global_symbol_to_c_name_address='sed -n -e '\''s/^: \([^ ]*\) $/  {\"\1\", (void *) 0},/p'\'' -e '\''s/^[ABCDGIRSTW]* \([^ ]*\) \([^ ]*\)$/  {"\2", (void *) \&\2},/p'\'''
lt_cv_sys_global_symbol_to_c_name_address_lib_prefix='sed -n -e '\''s/^: \([^ ]*\) $/  {\"\1\", (void *) 0},/p'\'' -e '\''s/^[ABCDGIRSTW]* \([^ ]*\) \(lib[^ ]*\)$/  {"\2", (void *) \&\2},/p'\'' -e '\''s/^[ABCDGIRSTW]* \([^ ]*\) \([^ ]*\)$/  {"lib\2", (void *) \&\2},/p'\'''
lt_cv_sys_global_symbol_to_cdecl='sed -n -e '\''s/^T .* \(.*\)$/extern int \1();/p'\'' -e '\''s/^[ABCDGIRSTW]* .* \(.*\)$/extern char \1;/p'\'''
lt_cv_sys_max_cmd_len=1572864

## ----------------- ##
## Output variables. ##
## ----------------- ##

ACLOCAL='${SHELL} /home/abdouhanne/coova-chilli-1.2.6/missing --run aclocal-1.11'
AMDEPBACKSLASH='\'
AMDEP_FALSE='#'
AMDEP_TRUE=''
AMTAR='${SHELL} /home/abdouhanne/coova-chilli-1.2.6/missing --run tar'
AR='x86_64-linux-gnu-ar'
AUTOCONF='${SHELL} /home/abdouhanne/coova-chilli-1.2.6/missing --run autoconf'
AUTOHEADER='${SHELL} /home/abdouhanne/coova-chilli-1.2.6/missing --run autoheader'
AUTOMAKE='${SHELL} /home/abdouhanne/coova-chilli-1.2.6/missing --run automake-1.11'
AWK='mawk'
CC='x86_64-linux-gnu-gcc'
CCDEPMODE='depmode=gcc3'
CFLAGS='-g -O2'
CPP='x86_64-linux-gnu-gcc -E'
CPPFLAGS=''
CYGPATH_W='echo'
DEFS='-DHAVE_CONFIG_H'
DEPDIR='.deps'
DSYMUTIL=''
DUMPBIN=''
ECHO_C=''
ECHO_N='-n'
ECHO_T=''
EGREP='/bin/grep -E'
EXEEXT=''
FGREP='/bin/grep -F'
GREP='/bin/grep'
INSTALL_DATA='${INSTALL} -m 644'
INSTALL_PROGRAM='${INSTALL}'
INSTALL_SCRIPT='${INSTALL}'
INSTALL_STRIP_PROGRAM='$(install_sh) -c -s'
LD='/usr/bin/ld -m elf_x86_64'
LDFLAGS=''
LIBCURL=''
LIBNETFILTER_QUEUE=''
LIBOBJS=''
LIBPCAP=''
LIBS='-lrt '
LIBSSL='-lssl -lcrypto'
LIBTOOL='$(SHELL) $(top_builddir)/libtool'
LIPO=''
LN_S='ln -s'
LTLIBOBJS=''
MAKEINFO='${SHELL} /home/abdouhanne/coova-chilli-1.2.6/missing --run makeinfo'
MKDIR_P='/bin/mkdir -p'
NM='/usr/bin/nm -B'
NMEDIT=''
OBJDUMP='x86_64-linux-gnu-objdump'
OBJEXT='o'
OTOOL64=''
OTOOL=''
PACKAGE='coova-chilli'
PACKAGE_BUGREPORT='support@coova.com'
PACKAGE_NAME='coova-chilli'
PACKAGE_STRING='coova-chilli 1.2.6'
PACKAGE_TARNAME='coova-chilli'
PACKAGE_URL=''
PACKAGE_VERSION='1.2.6'
PATH_SEPARATOR=':'
RANLIB='x86_64-linux-gnu-ranlib'
SED='/bin/sed'
SET_MAKE=''
SHELL='/bin/bash'
STRIP='x86_64-linux-gnu-strip'
VERSION='1.2.6'
WITH_BONJOUR_FALSE=''
WITH_BONJOUR_TRUE='#'
WITH_CHILLIPROXY_FALSE='#'
WITH_CHILLIPROXY_TRUE=''
WITH_CHILLIQUERY_FALSE='#'
WITH_CHILLIQUERY_TRUE=''
WITH_CHILLIRADSEC_FALSE='#'
WITH_CHILLIRADSEC_TRUE=''
WITH_CHILLIREDIR_FALSE='#'
WITH_CHILLIREDIR_TRUE=''
WITH_CHILLISCRIPT_FALSE='#'
WITH_CHILLISCRIPT_TRUE=''
WITH_CLUSTER_FALSE=''
WITH_CLUSTER_TRUE='#'
WITH_CURL_FALSE=''
WITH_CURL_TRUE='#'
WITH_EAPOL_FALSE='#'
WITH_EAPOL_TRUE=''
WITH_EWTAPI_FALSE=''
WITH_EWTAPI_TRUE='#'
WITH_IEEE8023_FALSE=''
WITH_IEEE8023_TRUE='#'
WITH_JSONLIB_FALSE=''
WITH_JSONLIB_TRUE='#'
WITH_LOOKUP3_FALSE=''
WITH_LOOKUP3_TRUE='#'
WITH_MATRIXSSL_CLI_FALSE=''
WITH_MATRIXSSL_CLI_TRUE='#'
WITH_MATRIXSSL_FALSE=''
WITH_MATRIXSSL_TRUE='#'
WITH_MINICONFIG_FALSE=''
WITH_MINICONFIG_TRUE='#'
WITH_MINIPORTAL_FALSE='#'
WITH_MINIPORTAL_TRUE=''
WITH_MODULES_FALSE='#'
WITH_MODULES_TRUE=''
WITH_MULTIROUTE_FALSE='#'
WITH_MULTIROUTE_TRUE=''
WITH_NETBIOS_FALSE=''
WITH_NETBIOS_TRUE='#'
WITH_NETFILTER_COOVA_FALSE=''
WITH_NETFILTER_COOVA_TRUE='#'
WITH_NETFILTER_QUEUE_FALSE=''
WITH_NETFILTER_QUEUE_TRUE='#'
WITH_NETNAT_FALSE=''
WITH_NETNAT_TRUE='#'
WITH_OPENSSL_FALSE='#'
WITH_OPENSSL_TRUE=''
WITH_PCAP_FALSE=''
WITH_PCAP_TRUE='#'
WITH_PPPOE_FALSE=''
WITH_PPPOE_TRUE='#'
WITH_REDIRINJECT_FALSE=''
WITH_REDIRINJECT_TRUE='#'
WITH_SFHASH_FALSE='#'
WITH_SFHASH_TRUE=''
WITH_SSL_FALSE='#'
WITH_SSL_TRUE=''
ac_ct_CC=''
ac_ct_DUMPBIN=''
am__EXEEXT_FALSE=''
am__EXEEXT_TRUE='#'
am__fastdepCC_FALSE='#'
am__fastdepCC_TRUE=''
am__include='include'
am__isrc=''
am__leading_dot='.'
am__quote=''
am__tar='${AMTAR} chof - "$$tardir"'
am__untar='${AMTAR} xf -'
bindir='${exec_prefix}/bin'
build='x86_64-pc-linux-gnu'
build_alias='x86_64-linux-gnu'
build_cpu='x86_64'
build_os='linux-gnu'
build_vendor='pc'
datadir='${datarootdir}'
datarootdir='${prefix}/share'
docdir='${datarootdir}/doc/${PACKAGE_TARNAME}'
dvidir='${docdir}'
exec_prefix='${prefix}'
host='x86_64-pc-linux-gnu'
host_alias='x86_64-linux-gnu'
host_cpu='x86_64'
host_os='linux-gnu'
host_vendor='pc'
htmldir='${docdir}'
includedir='${prefix}/include'
infodir='${prefix}/share/info'
install_sh='${SHELL} /home/abdouhanne/coova-chilli-1.2.6/install-sh'
libdir='${exec_prefix}/lib'
libexecdir='${exec_prefix}/libexec'
localedir='${datarootdir}/locale'
localstatedir='/var'
lt_ECHO='echo'
mandir='${prefix}/share/man'
mkdir_p='/bin/mkdir -p'
oldincludedir='/usr/include'
pdfdir='${docdir}'
prefix='/usr'
program_transform_name='s,x,x,'
psdir='${docdir}'
sbindir='${exec_prefix}/sbin'
sharedstatedir='${prefix}/com'
sysconfdir='/etc'
target_alias=''

## ----------- ##
## confdefs.h. ##
## ----------- ##

/* confdefs.h */
#define PACKAGE_NAME "coova-chilli"
#define PACKAGE_TARNAME "coova-chilli"
#define PACKAGE_VERSION "1.2.6"
#define PACKAGE_STRING "coova-chilli 1.2.6"
#define PACKAGE_BUGREPORT "support@coova.com"
#define PACKAGE_URL ""
#define PACKAGE "coova-chilli"
#define VERSION "1.2.6"
#define STDC_HEADERS 1
#define HAVE_SYS_TYPES_H 1
#define HAVE_SYS_STAT_H 1
#define HAVE_STDLIB_H 1
#define HAVE_STRING_H 1
#define HAVE_MEMORY_H 1
#define HAVE_STRINGS_H 1
#define HAVE_INTTYPES_H 1
#define HAVE_STDINT_H 1
#define HAVE_UNISTD_H 1
#define HAVE_DLFCN_H 1
#define LT_OBJDIR ".libs/"
#define STDC_HEADERS 1
#define HAVE_ARPA_INET_H 1
#define HAVE_ERRNO_H 1
#define HAVE_FCNTL_H 1
#define HAVE_NETDB_H 1
#define HAVE_NETINET_IN_H 1
#define HAVE_NETINET_TCP_H 1
#define HAVE_STDINT_H 1
#define HAVE_STDDEF_H 1
#define HAVE_STDLIB_H 1
#define HAVE_STRING_H 1
#define HAVE_SYS_IOCTL_H 1
#define HAVE_SYS_SOCKET_H 1
#define HAVE_SYS_SYSINFO_H 1
#define HAVE_SYS_PARAM_H 1
#define HAVE_SYS_TIME_H 1
#define HAVE_TIME_H 1
#define HAVE_SYS_IPC_H 1
#define HAVE_SYS_MSG_H 1
#define HAVE_SYS_WAIT_H 1
#define HAVE_SYS_UN_H 1
#define HAVE_SYS_STAT_H 1
#define HAVE_SYS_TYPES_H 1
#define HAVE_REGEX_H 1
#define HAVE_SYSLOG_H 1
#define HAVE_RESOLV_H 1
#define HAVE_POLL_H 1
#define HAVE_SYS_EPOLL_H 1
#define HAVE_UNISTD_H 1
#define HAVE_ENDIAN_H 1
#define HAVE_LIBGEN_H 1
#define HAVE_NET_ROUTE_H 1
#define HAVE_NET_IF_H 1
#define HAVE_NET_ETHERNET_H 1
#define HAVE_ASM_TYPES_H 1
#define HAVE_NET_IF_ARP_H 1
#define HAVE_PWD_H 1
#define HAVE_GRP_H 1
#define TIME_WITH_SYS_TIME 1
#define HAVE_FORK 1
#define HAVE_VFORK 1
#define HAVE_WORKING_VFORK 1
#define HAVE_WORKING_FORK 1
#define HAVE_SYS_SELECT_H 1
#define HAVE_SYS_SOCKET_H 1
#define SELECT_TYPE_ARG1 int
#define SELECT_TYPE_ARG234 (fd_set *)
#define SELECT_TYPE_ARG5 (struct timeval *)
#define HAVE_GETHOSTBYNAME 1
#define HAVE_GETPROTOENT 1
#define HAVE_GETTIMEOFDAY 1
#define HAVE_INET_NTOA 1
#define HAVE_MEMSET 1
#define HAVE_SELECT 1
#define HAVE_SOCKET 1
#define HAVE_STRDUP 1
#define HAVE_STRERROR 1
#define HAVE_STRSTR 1
#define HAVE_STRTOL 1
#define HAVE_GETLINE 1
#define HAVE_DIRNAME 1
#define HAVE_GLOB 1
#define ENABLE_CHILLIQUERY 1
#define ENABLE_LEAKYBUCKET 1
#define ENABLE_TAP 1
#define ENABLE_RADPROXY 1
#define ENABLE_JSON 1
#define ENABLE_DEBUG 1
#define ENABLE_DHCPRADIUS 1
#define ENABLE_PROXYVSA 1
#define ENABLE_DNSLOG 1
#define ENABLE_UAMDOMAINFILE 1
#define ENABLE_REDIRDNSREQ 1
#define ENABLE_IEEE8021Q 1
#define ENABLE_LARGELIMITS 1
#define HAVE_OPENSSL 1
#define HAVE_SFHASH 1
#define USING_POLL 1
#define ENABLE_BINSTATFILE 1
#define ENABLE_STATFILE 1
#define ENABLE_CHILLIPROXY 1
#define ENABLE_MULTIROUTE 1
#define ENABLE_CHILLIRADSEC 1
#define ENABLE_CHILLIREDIR 1
#define ENABLE_CHILLISCRIPT 1
#define ENABLE_EAPOL 1
#define ENABLE_MINIPORTAL 1
#define ENABLE_LAYER3 1
#define ENABLE_MODULES 1
#define HAVE_LIBRT 1

configure: exit 0
